21:23:38,874  INFO main LoginPage:enterLoginAndPass:42 - click to buttonEnter
21:23:42,552  INFO main SendMessagePage:sendMessage:40 - click to messageButton
21:23:45,858  INFO main SendMessagePage:sendMessage:44 - write a mail address
21:23:46,082  INFO main SendMessagePage:sendMessage:48 - write the text
21:23:46,226  INFO main SendMessagePage:sendMessage:52 - click to sendButton
21:24:37,323  INFO main LoginPage:enterLoginAndPass:42 - click to buttonEnter
21:44:15,022  INFO main LoginPage:enterLoginAndPass:42 - click to buttonEnter
21:44:18,875  INFO main SpamPage:enterSpam:39 - choose this Letter
21:44:19,251  INFO main SpamPage:enterSpam:42 - click to spamButton
21:44:19,534  INFO main SpamPage:returnSpam:48 - click to spamBox
21:44:19,675  INFO main SpamPage:returnSpam:51 - choose this Letter in the spamBox
21:49:57,489  INFO main LoginPage:enterLoginAndPass:42 - click to buttonEnter
21:50:13,671  INFO main FlagPage:selectFlag:45 - messages with flags
21:52:45,262  INFO main LoginPage:enterLoginAndPass:42 - click to buttonEnter
21:52:49,483  INFO main FlagPage:deSelectFlag:58 - messages without flags
21:54:29,530  INFO main LoginPage:enterLoginAndPass:42 - click to buttonEnter
21:55:18,961  INFO main LoginPage:enterLoginAndPass:42 - click to buttonEnter
21:55:35,522  INFO main FlagPage:selectFlag:45 - messages with flags
21:56:37,283  INFO main FlagPage:deSelectFlag:58 - messages without flags
21:57:57,861  INFO main LoginPage:enterLoginAndPass:42 - click to buttonEnter
21:58:01,018  INFO main SpamPage:enterSpam:39 - choose this Letter
21:58:01,365  INFO main SpamPage:enterSpam:42 - click to spamButton
21:58:01,512  INFO main SpamPage:returnSpam:48 - click to spamBox
21:58:01,824  INFO main SpamPage:returnSpam:51 - choose this Letter in the spamBox
21:59:37,930  INFO main LoginPage:enterLoginAndPass:42 - click to buttonEnter
21:59:41,179  INFO main SpamPage:enterSpam:39 - choose this Letter
21:59:41,484  INFO main SpamPage:enterSpam:42 - click to spamButton
21:59:41,627  INFO main SpamPage:returnSpam:48 - click to spamBox
21:59:41,934  INFO main SpamPage:returnSpam:51 - choose this Letter in the spamBox
22:00:26,283  INFO main LoginPage:enterLoginAndPass:42 - click to buttonEnter
22:00:29,436  INFO main SpamPage:enterSpam:39 - choose this Letter
22:00:29,736  INFO main SpamPage:enterSpam:42 - click to spamButton
22:00:30,221  INFO main SpamPage:returnSpam:48 - click to spamBox
22:00:30,221  INFO main SpamPage:returnSpam:51 - choose this Letter in the spamBox
22:00:30,221  INFO main SpamPage:returnSpam:54 - click to notSpamButton
22:05:27,450  INFO main LoginPage:enterLoginAndPass:42 - click to buttonEnter
22:05:30,325  INFO main SendMessagePage:sendMessage:40 - click to messageButton
22:05:31,763  INFO main SendMessagePage:sendMessage:44 - write a mail address
22:05:33,065  INFO main SendMessagePage:sendMessage:48 - write the text
22:05:33,213  INFO main SendMessagePage:sendMessage:52 - click to sendButton
00:56:55,566  INFO main LoginPage:enterLoginAndPass:42 - click to buttonEnter
01:52:16,727 ERROR main UserData:fromDataBase:42 - No database connection
01:57:04,514  INFO main LoginPage:enterLoginAndPass:42 - click to buttonEnter
02:00:53,958  INFO main LoginPage:enterLoginAndPass:42 - click to buttonEnter
02:00:56,945  INFO main SpamPage:enterSpam:39 - choose this Letter
02:00:57,333  INFO main SpamPage:enterSpam:42 - click to spamButton
02:07:38,962  INFO main LoginPage:enterLoginAndPass:42 - click to buttonEnter
02:07:41,957  INFO main SendMessagePage:sendMessage:40 - click to messageButton
02:07:43,914  INFO main SendMessagePage:sendMessage:44 - write a mail address
02:07:45,192  INFO main SendMessagePage:sendMessage:48 - write the text
02:07:45,339  INFO main SendMessagePage:sendMessage:52 - click to sendButton
02:29:21,546  INFO main LoginPage:enterLoginAndPass:42 - click to buttonEnter
02:29:24,456  INFO main SendMessagePage:sendMessage:40 - click to messageButton
03:16:35,497 ERROR main UserData:fromDataBase:48 - No database connection
03:16:47,931 ERROR main UserData:fromDataBase:48 - No database connection
03:16:48,635 ERROR main UserData:fromDataBase:48 - No database connection
03:19:57,434  INFO main UserData:fromDataBase:46 - get from database
03:20:11,013  INFO main LoginPage:enterLoginAndPass:42 - click to buttonEnter
03:20:14,116  INFO main UserData:fromDataBase:46 - get from database
03:20:14,782  INFO main UserData:fromDataBase:46 - get from database
03:24:28,486  INFO main UserData:fromDataBase:46 - get from database
03:24:42,550  INFO main LoginPage:enterLoginAndPass:42 - click to buttonEnter
03:24:45,755  INFO main SendMessagePage:sendMessage:40 - click to messageButton
03:24:47,791  INFO main SendMessagePage:sendMessage:44 - write a mail address
03:24:49,051  INFO main SendMessagePage:sendMessage:48 - write the text
03:24:49,202  INFO main SendMessagePage:sendMessage:52 - click to sendButton
03:24:50,592  INFO main UserData:fromDataBase:46 - get from database
03:25:02,623  INFO main UserData:fromDataBase:46 - get from database
03:41:38,349  INFO main UserData:fromDataBase:49 - get from database
03:41:38,357  INFO main UserData:fromDataBase:49 - get from database
03:41:52,716  INFO main LoginPage:enterLoginAndPass:42 - click to buttonEnter
03:41:55,633  INFO main SendMessagePage:sendMessage:40 - click to messageButton
03:41:57,330  INFO main SendMessagePage:sendMessage:44 - write a mail address
03:41:58,627  INFO main SendMessagePage:sendMessage:48 - write the text
03:41:58,766  INFO main SendMessagePage:sendMessage:52 - click to sendButton
03:42:00,203  INFO main UserData:fromDataBase:49 - get from database
03:42:12,204  INFO main UserData:fromDataBase:49 - get from database
03:47:17,523  INFO main UserData:fromDataBase:49 - get from database
03:47:31,082  INFO main LoginPage:enterLoginAndPass:42 - click to buttonEnter
03:47:34,253  INFO main SpamPage:enterSpam:39 - choose this Letter
03:47:34,683  INFO main SpamPage:enterSpam:42 - click to spamButton
03:47:35,488  INFO main UserData:fromDataBase:49 - get from database
03:47:35,495  INFO main UserData:fromDataBase:49 - get from database
03:47:36,175  INFO main UserData:fromDataBase:49 - get from database
03:52:24,445  INFO main UserData:fromDataBase:49 - get from database
03:52:24,454  INFO main UserData:fromDataBase:49 - get from database
03:52:38,539  INFO main LoginPage:enterLoginAndPass:42 - click to buttonEnter
03:52:41,322  INFO main SpamPage:enterSpam:39 - choose this Letter
03:52:41,673  INFO main SpamPage:enterSpam:42 - click to spamButton
03:52:42,476  INFO main UserData:fromDataBase:49 - get from database
03:52:42,483  INFO main UserData:fromDataBase:49 - get from database
03:52:43,171  INFO main UserData:fromDataBase:49 - get from database
03:56:49,499  INFO main LoginPage:enterLoginAndPass:42 - click to buttonEnter
03:56:52,920  INFO main SpamPage:enterSpam:39 - choose this Letter
03:56:53,330  INFO main SpamPage:enterSpam:42 - click to spamButton
03:56:53,608  INFO main SpamPage:returnSpam:48 - click to spamBox
03:56:53,817  INFO main SpamPage:returnSpam:51 - choose this Letter in the spamBox
04:01:48,300  INFO main UserData:fromDataBase:49 - get from database
04:02:01,881  INFO main LoginPage:enterLoginAndPass:42 - click to buttonEnter
04:02:05,528  INFO main SpamPage:enterSpam:39 - choose this Letter
04:02:05,813  INFO main SpamPage:enterSpam:42 - click to spamButton
04:02:06,738  INFO main UserData:fromDataBase:49 - get from database
04:02:06,747  INFO main UserData:fromDataBase:49 - get from database
04:02:07,464  INFO main UserData:fromDataBase:49 - get from database
14:03:24,687  INFO main LoginPage:enterLoginAndPass:42 - click to buttonEnter
14:03:36,820  INFO main LoginPage:enterLoginAndPass:42 - click to buttonEnter
14:03:39,764  INFO main SpamPage:enterSpam:39 - choose this Letter
14:03:40,150  INFO main SpamPage:enterSpam:42 - click to spamButton
14:03:40,290  INFO main SpamPage:returnSpam:48 - click to spamBox
14:03:40,608  INFO main SpamPage:returnSpam:51 - choose this Letter in the spamBox
14:03:59,237  INFO main LoginPage:enterLoginAndPass:42 - click to buttonEnter
14:04:02,471  INFO main SendMessagePage:sendMessage:40 - click to messageButton
14:04:04,172  INFO main SendMessagePage:sendMessage:44 - write a mail address
14:04:05,435  INFO main SendMessagePage:sendMessage:48 - write the text
14:04:05,574  INFO main SendMessagePage:sendMessage:52 - click to sendButton
14:04:14,490  INFO main LoginPage:enterLoginAndPass:42 - click to buttonEnter
14:04:30,318  INFO main FlagPage:selectFlag:45 - messages with flags
01:56:41,362  INFO main VK:postMessage:36 - Message is posted
01:56:41,739  INFO main VK:editMessage:51 - Message is edited
01:56:42,148  INFO main VK:deleteMessage:65 - Message is deleted
03:04:57,096  INFO main VK:postMessage:36 - Message is posted
03:04:57,387  INFO main VK:editMessage:51 - Message is edited
03:04:57,750  INFO main VK:deleteMessage:65 - Message is deleted
03:26:14,700  INFO main LoginPage:enterLoginAndPass:42 - click to buttonEnter
03:26:27,668  INFO main LoginPage:enterLoginAndPass:42 - click to buttonEnter
03:26:30,836  INFO main SpamPage:enterSpam:39 - choose this Letter
03:26:31,325  INFO main SpamPage:enterSpam:42 - click to spamButton
03:26:31,463  INFO main SpamPage:returnSpam:48 - click to spamBox
03:26:31,782  INFO main SpamPage:returnSpam:51 - choose this Letter in the spamBox
03:26:50,623  INFO main LoginPage:enterLoginAndPass:42 - click to buttonEnter
03:26:53,628  INFO main SendMessagePage:sendMessage:40 - click to messageButton
03:26:55,203  INFO main SendMessagePage:sendMessage:44 - write a mail address
03:26:56,475  INFO main SendMessagePage:sendMessage:48 - write the text
03:26:56,638  INFO main SendMessagePage:sendMessage:52 - click to sendButton
03:27:05,485  INFO main LoginPage:enterLoginAndPass:42 - click to buttonEnter
03:27:08,709  INFO main FlagPage:deSelectFlag:58 - messages without flags
03:27:09,849  INFO main FlagPage:selectFlag:45 - messages with flags
03:27:11,132  INFO main VK:postMessage:36 - Message is posted
03:27:11,364  INFO main VK:editMessage:51 - Message is edited
03:27:11,754  INFO main VK:deleteMessage:65 - Message is deleted
03:33:11,389  INFO main UserData:fromDataBase:49 - get from database
03:33:25,368  INFO main LoginPage:enterLoginAndPass:42 - click to buttonEnter
03:33:28,295  INFO main UserData:fromDataBase:49 - get from database
03:33:28,308  INFO main UserData:fromDataBase:49 - get from database
03:33:28,991  INFO main UserData:fromDataBase:49 - get from database
03:35:40,047  INFO main UserData:fromDataBase:49 - get from database
03:35:40,058  INFO main UserData:fromDataBase:49 - get from database
03:35:53,815  INFO main LoginPage:enterLoginAndPass:42 - click to buttonEnter
03:35:56,758  INFO main SendMessagePage:sendMessage:40 - click to messageButton
03:35:58,111  INFO main SendMessagePage:sendMessage:44 - write a mail address
03:35:59,909  INFO main SendMessagePage:sendMessage:48 - write the text
03:36:00,049  INFO main SendMessagePage:sendMessage:52 - click to sendButton
03:36:01,436  INFO main UserData:fromDataBase:49 - get from database
03:36:13,295  INFO main UserData:fromDataBase:49 - get from database
03:36:42,236  INFO main UserData:fromDataBase:49 - get from database
03:36:55,126  INFO main LoginPage:enterLoginAndPass:42 - click to buttonEnter
03:36:58,424  INFO main SpamPage:enterSpam:39 - choose this Letter
03:36:58,583  INFO main SpamPage:enterSpam:42 - click to spamButton
03:37:01,344  INFO main UserData:fromDataBase:49 - get from database
03:37:01,350  INFO main UserData:fromDataBase:49 - get from database
03:37:02,032  INFO main UserData:fromDataBase:49 - get from database
03:50:55,309  INFO main LoginPage:enterLoginAndPass:42 - click to buttonEnter
03:51:07,405  INFO main LoginPage:enterLoginAndPass:42 - click to buttonEnter
03:51:10,422  INFO main SpamPage:enterSpam:39 - choose this Letter
03:51:10,774  INFO main SpamPage:enterSpam:42 - click to spamButton
03:51:10,917  INFO main SpamPage:returnSpam:48 - click to spamBox
03:51:11,249  INFO main SpamPage:returnSpam:51 - choose this Letter in the spamBox
03:51:30,267  INFO main LoginPage:enterLoginAndPass:42 - click to buttonEnter
03:51:33,015  INFO main SendMessagePage:sendMessage:40 - click to messageButton
03:51:34,307  INFO main SendMessagePage:sendMessage:44 - write a mail address
03:51:36,110  INFO main SendMessagePage:sendMessage:48 - write the text
03:51:36,270  INFO main SendMessagePage:sendMessage:52 - click to sendButton
03:51:46,009  INFO main LoginPage:enterLoginAndPass:42 - click to buttonEnter
03:51:49,978  INFO main FlagPage:deSelectFlag:58 - messages without flags
03:52:07,236  INFO main VK:postMessage:36 - Message is posted
03:52:07,478  INFO main VK:editMessage:51 - Message is edited
03:52:07,888  INFO main VK:deleteMessage:65 - Message is deleted
03:55:12,297  INFO main VK:postMessage:36 - Message is posted
03:55:12,596  INFO main VK:editMessage:51 - Message is edited
03:55:13,027  INFO main VK:deleteMessage:65 - Message is deleted
04:25:32,238  INFO main UserData:fromDataBase:49 - get from database
04:25:56,102  INFO main UserData:fromDataBase:49 - get from database
04:25:56,112  INFO main UserData:fromDataBase:49 - get from database
04:26:00,638  INFO main UserData:fromDataBase:49 - get from database
04:26:00,650  INFO main UserData:fromDataBase:49 - get from database
04:26:00,655  INFO main UserData:fromDataBase:49 - get from database
04:26:11,225  INFO main UserData:fromDataBase:49 - get from database
04:26:26,352  INFO main UserData:fromDataBase:49 - get from database
04:26:43,510  INFO main UserData:fromDataBase:49 - get from database
04:26:57,201  INFO main LoginPage:enterLoginAndPass:42 - click to buttonEnter
04:26:59,998  INFO main UserData:fromDataBase:49 - get from database
04:27:00,008  INFO main UserData:fromDataBase:49 - get from database
04:27:00,739  INFO main UserData:fromDataBase:49 - get from database
04:27:12,102  INFO main UserData:fromDataBase:49 - get from database
04:27:12,116  INFO main UserData:fromDataBase:49 - get from database
04:27:24,836  INFO main LoginPage:enterLoginAndPass:42 - click to buttonEnter
04:27:27,471  INFO main SendMessagePage:sendMessage:40 - click to messageButton
04:27:28,687  INFO main SendMessagePage:sendMessage:44 - write a mail address
04:27:30,470  INFO main SendMessagePage:sendMessage:48 - write the text
04:27:30,607  INFO main SendMessagePage:sendMessage:52 - click to sendButton
04:27:32,010  INFO main UserData:fromDataBase:49 - get from database
04:27:43,482  INFO main UserData:fromDataBase:49 - get from database
04:27:54,999  INFO main UserData:fromDataBase:49 - get from database
04:28:07,729  INFO main LoginPage:enterLoginAndPass:42 - click to buttonEnter
04:28:10,944  INFO main SpamPage:enterSpam:39 - choose this Letter
04:28:11,284  INFO main SpamPage:enterSpam:42 - click to spamButton
04:28:11,962  INFO main UserData:fromDataBase:49 - get from database
04:28:11,970  INFO main UserData:fromDataBase:49 - get from database
04:28:12,650  INFO main UserData:fromDataBase:49 - get from database
04:29:52,970  INFO main LoginPage:enterLoginAndPass:42 - click to buttonEnter
04:30:04,649  INFO main LoginPage:enterLoginAndPass:42 - click to buttonEnter
04:30:07,594  INFO main SpamPage:enterSpam:39 - choose this Letter
04:30:08,019  INFO main SpamPage:enterSpam:42 - click to spamButton
04:30:08,139  INFO main SpamPage:returnSpam:48 - click to spamBox
04:30:08,469  INFO main SpamPage:returnSpam:51 - choose this Letter in the spamBox
04:30:28,164  INFO main LoginPage:enterLoginAndPass:42 - click to buttonEnter
04:30:30,864  INFO main SendMessagePage:sendMessage:40 - click to messageButton
04:30:32,003  INFO main SendMessagePage:sendMessage:44 - write a mail address
04:30:33,805  INFO main SendMessagePage:sendMessage:48 - write the text
04:30:33,943  INFO main SendMessagePage:sendMessage:52 - click to sendButton
04:30:42,718  INFO main LoginPage:enterLoginAndPass:42 - click to buttonEnter
04:30:58,958  INFO main FlagPage:selectFlag:45 - messages with flags
04:31:00,016  INFO main VK:postMessage:36 - Message is posted
04:31:00,276  INFO main VK:editMessage:51 - Message is edited
04:31:00,644  INFO main VK:deleteMessage:65 - Message is deleted
04:33:07,821  INFO main LoginPage:enterLoginAndPass:42 - click to buttonEnter
04:33:19,919  INFO main LoginPage:enterLoginAndPass:42 - click to buttonEnter
04:33:22,885  INFO main SpamPage:enterSpam:39 - choose this Letter
04:33:31,731  INFO main LoginPage:enterLoginAndPass:42 - click to buttonEnter
04:33:34,499  INFO main SendMessagePage:sendMessage:40 - click to messageButton
04:33:53,507  INFO main LoginPage:enterLoginAndPass:42 - click to buttonEnter
04:34:09,907  INFO main VK:postMessage:36 - Message is posted
04:34:10,160  INFO main VK:editMessage:51 - Message is edited
04:34:10,552  INFO main VK:deleteMessage:65 - Message is deleted
